<?xml version="1.0" encoding="UTF-8" standalone="no"?>
<!DOCTYPE log SYSTEM "logger.dtd">
<log>
<record>
  <date>2025-06-26T03:27:41.438801600Z</date>
  <millis>1750908461438</millis>
  <nanos>801600</nanos>
  <sequence>0</sequence>
  <logger>itri.sstc.freemarker.core.Language</logger>
  <level>INFO</level>
  <class>itri.sstc.freemarker.core.Language</class>
  <method>init</method>
  <thread>1</thread>
  <message>初始化語言庫 ...</message>
</record>
<record>
  <date>2025-06-26T03:27:41.490340200Z</date>
  <millis>1750908461490</millis>
  <nanos>340200</nanos>
  <sequence>1</sequence>
  <logger>itri.sstc.freemarker.core.Language</logger>
  <level>INFO</level>
  <class>itri.sstc.freemarker.core.Language$1</class>
  <method>accept</method>
  <thread>1</thread>
  <message>Load language for en_US, file=messages_en_US.properties</message>
</record>
<record>
  <date>2025-06-26T03:27:41.499768800Z</date>
  <millis>1750908461499</millis>
  <nanos>768800</nanos>
  <sequence>2</sequence>
  <logger>itri.sstc.freemarker.core.Language</logger>
  <level>INFO</level>
  <class>itri.sstc.freemarker.core.Language$1</class>
  <method>accept</method>
  <thread>1</thread>
  <message>Load language for th_TH, file=messages_th_TH.properties</message>
</record>
<record>
  <date>2025-06-26T03:27:41.504513400Z</date>
  <millis>1750908461504</millis>
  <nanos>513400</nanos>
  <sequence>3</sequence>
  <logger>itri.sstc.freemarker.core.Language</logger>
  <level>INFO</level>
  <class>itri.sstc.freemarker.core.Language$1</class>
  <method>accept</method>
  <thread>1</thread>
  <message>Load language for zh_TW, file=messages_zh_TW.properties</message>
</record>
<record>
  <date>2025-06-26T03:27:41.505484900Z</date>
  <millis>1750908461505</millis>
  <nanos>484900</nanos>
  <sequence>4</sequence>
  <logger>itri.sstc.freemarker.core.Language</logger>
  <level>INFO</level>
  <class>itri.sstc.freemarker.core.Language</class>
  <method>init</method>
  <thread>1</thread>
  <message>初始化語言庫 OK</message>
</record>
<record>
  <date>2025-06-26T03:27:41.766640700Z</date>
  <millis>1750908461766</millis>
  <nanos>640700</nanos>
  <sequence>5</sequence>
  <logger>itri.sstc.framework.core.api.RESTfulAPI</logger>
  <level>INFO</level>
  <class>itri.sstc.freemarker.httpd.FreemarkerAPI</class>
  <method>&lt;init&gt;</method>
  <thread>1</thread>
  <message>新增 RootAPI 實例</message>
</record>
<record>
  <date>2025-06-26T03:27:41.784501900Z</date>
  <millis>1750908461784</millis>
  <nanos>501900</nanos>
  <sequence>6</sequence>
  <logger>itri.sstc.framework.core.httpd.HttpService</logger>
  <level>INFO</level>
  <class>itri.sstc.framework.core.httpd.HttpService</class>
  <method>&lt;init&gt;</method>
  <thread>1</thread>
  <message>初始化 LiteHttpd Service 完成</message>
</record>
<record>
  <date>2025-06-26T03:27:41.796193400Z</date>
  <millis>1750908461796</millis>
  <nanos>193400</nanos>
  <sequence>7</sequence>
  <logger>itri.sstc.freemarker.core.FMTemplateEngine</logger>
  <level>INFO</level>
  <class>itri.sstc.freemarker.core.FMTemplateEngine</class>
  <method>init</method>
  <thread>1</thread>
  <message>建立 imas FTL處理器, ClassName: demo.freemarker.handler.page.DtxCaseMgntPage</message>
</record>
<record>
  <date>2025-06-26T03:27:41.805289800Z</date>
  <millis>1750908461805</millis>
  <nanos>289800</nanos>
  <sequence>8</sequence>
  <logger>itri.sstc.freemarker.core.RequestHandler</logger>
  <level>INFO</level>
  <class>itri.sstc.freemarker.core.RequestHandler</class>
  <method>init</method>
  <thread>1</thread>
  <message>Assign method test to pattern imas/test</message>
</record>
<record>
  <date>2025-06-26T03:27:41.806746Z</date>
  <millis>1750908461806</millis>
  <nanos>746000</nanos>
  <sequence>9</sequence>
  <logger>itri.sstc.freemarker.core.RequestHandler</logger>
  <level>INFO</level>
  <class>itri.sstc.freemarker.core.RequestHandler</class>
  <method>init</method>
  <thread>1</thread>
  <message>Assign method index1 to pattern imas/</message>
</record>
<record>
  <date>2025-06-26T03:27:41.806746Z</date>
  <millis>1750908461806</millis>
  <nanos>746000</nanos>
  <sequence>10</sequence>
  <logger>itri.sstc.freemarker.core.RequestHandler</logger>
  <level>INFO</level>
  <class>itri.sstc.freemarker.core.RequestHandler</class>
  <method>init</method>
  <thread>1</thread>
  <message>Assign method login to pattern imas/login</message>
</record>
<record>
  <date>2025-06-26T03:27:41.807720100Z</date>
  <millis>1750908461807</millis>
  <nanos>720100</nanos>
  <sequence>11</sequence>
  <logger>itri.sstc.freemarker.core.RequestHandler</logger>
  <level>INFO</level>
  <class>itri.sstc.freemarker.core.RequestHandler</class>
  <method>init</method>
  <thread>1</thread>
  <message>Assign method logout to pattern imas/logout</message>
</record>
<record>
  <date>2025-06-26T03:27:41.807720100Z</date>
  <millis>1750908461807</millis>
  <nanos>720100</nanos>
  <sequence>12</sequence>
  <logger>itri.sstc.freemarker.core.RequestHandler</logger>
  <level>INFO</level>
  <class>itri.sstc.freemarker.core.RequestHandler</class>
  <method>init</method>
  <thread>1</thread>
  <message>Assign method lessonManagementEdit to pattern imas/admin/other/lessonMgnt/edit</message>
</record>
<record>
  <date>2025-06-26T03:27:41.808734200Z</date>
  <millis>1750908461808</millis>
  <nanos>734200</nanos>
  <sequence>13</sequence>
  <logger>itri.sstc.freemarker.core.RequestHandler</logger>
  <level>INFO</level>
  <class>itri.sstc.freemarker.core.RequestHandler</class>
  <method>init</method>
  <thread>1</thread>
  <message>Assign method scaleManagementEdit to pattern imas/admin/other/scaleMgnt/edit</message>
</record>
<record>
  <date>2025-06-26T03:27:41.808734200Z</date>
  <millis>1750908461808</millis>
  <nanos>734200</nanos>
  <sequence>14</sequence>
  <logger>itri.sstc.freemarker.core.RequestHandler</logger>
  <level>INFO</level>
  <class>itri.sstc.freemarker.core.RequestHandler</class>
  <method>init</method>
  <thread>1</thread>
  <message>Assign method diagnosisReportChooseReport to pattern imas/diagnosisReport/msg/chooseMessage</message>
</record>
<record>
  <date>2025-06-26T03:27:41.808734200Z</date>
  <millis>1750908461808</millis>
  <nanos>734200</nanos>
  <sequence>15</sequence>
  <logger>itri.sstc.freemarker.core.RequestHandler</logger>
  <level>INFO</level>
  <class>itri.sstc.freemarker.core.RequestHandler</class>
  <method>init</method>
  <thread>1</thread>
  <message>Assign method deviceManagementEdit to pattern imas/admin/other/deviceMgnt/edit</message>
</record>
<record>
  <date>2025-06-26T03:27:41.809817400Z</date>
  <millis>1750908461809</millis>
  <nanos>817400</nanos>
  <sequence>16</sequence>
  <logger>itri.sstc.freemarker.core.RequestHandler</logger>
  <level>INFO</level>
  <class>itri.sstc.freemarker.core.RequestHandler</class>
  <method>init</method>
  <thread>1</thread>
  <message>Assign method medicalManagementEdit to pattern imas/admin/other/medicalMgnt/edit</message>
</record>
<record>
  <date>2025-06-26T03:27:41.809817400Z</date>
  <millis>1750908461809</millis>
  <nanos>817400</nanos>
  <sequence>17</sequence>
  <logger>itri.sstc.freemarker.core.RequestHandler</logger>
  <level>INFO</level>
  <class>itri.sstc.freemarker.core.RequestHandler</class>
  <method>init</method>
  <thread>1</thread>
  <message>Assign method scaleManagementDetail to pattern imas/admin/other/scaleMgnt/detail</message>
</record>
<record>
  <date>2025-06-26T03:27:41.809817400Z</date>
  <millis>1750908461809</millis>
  <nanos>817400</nanos>
  <sequence>18</sequence>
  <logger>itri.sstc.freemarker.core.RequestHandler</logger>
  <level>INFO</level>
  <class>itri.sstc.freemarker.core.RequestHandler</class>
  <method>init</method>
  <thread>1</thread>
  <message>Assign method patientAnalysisEmptyMessage to pattern imas/patient/analysis</message>
</record>
<record>
  <date>2025-06-26T03:27:41.810915300Z</date>
  <millis>1750908461810</millis>
  <nanos>915300</nanos>
  <sequence>19</sequence>
  <logger>itri.sstc.freemarker.core.RequestHandler</logger>
  <level>INFO</level>
  <class>itri.sstc.freemarker.core.RequestHandler</class>
  <method>init</method>
  <thread>1</thread>
  <message>Assign method caseFormAssessmentChart to pattern imas/patient/caseForm/assessment/charts</message>
</record>
<record>
  <date>2025-06-26T03:27:41.810915300Z</date>
  <millis>1750908461810</millis>
  <nanos>915300</nanos>
  <sequence>20</sequence>
  <logger>itri.sstc.freemarker.core.RequestHandler</logger>
  <level>INFO</level>
  <class>itri.sstc.freemarker.core.RequestHandler</class>
  <method>init</method>
  <thread>1</thread>
  <message>Assign method patientAnalysisDetail to pattern imas/patient/analysis/detail</message>
</record>
<record>
  <date>2025-06-26T03:27:41.810915300Z</date>
  <millis>1750908461810</millis>
  <nanos>915300</nanos>
  <sequence>21</sequence>
  <logger>itri.sstc.freemarker.core.RequestHandler</logger>
  <level>INFO</level>
  <class>itri.sstc.freemarker.core.RequestHandler</class>
  <method>init</method>
  <thread>1</thread>
  <message>Assign method index0 to pattern imas</message>
</record>
<record>
  <date>2025-06-26T03:27:41.812157300Z</date>
  <millis>1750908461812</millis>
  <nanos>157300</nanos>
  <sequence>22</sequence>
  <logger>itri.sstc.freemarker.core.RequestHandler</logger>
  <level>INFO</level>
  <class>itri.sstc.freemarker.core.RequestHandler</class>
  <method>init</method>
  <thread>1</thread>
  <message>Assign method dashboard to pattern imas/dashboard</message>
</record>
<record>
  <date>2025-06-26T03:27:41.812157300Z</date>
  <millis>1750908461812</millis>
  <nanos>157300</nanos>
  <sequence>23</sequence>
  <logger>itri.sstc.freemarker.core.RequestHandler</logger>
  <level>INFO</level>
  <class>itri.sstc.freemarker.core.RequestHandler</class>
  <method>init</method>
  <thread>1</thread>
  <message>Assign method diagnosisDoctor to pattern imas/diagnosis/doctor</message>
</record>
<record>
  <date>2025-06-26T03:27:41.813245500Z</date>
  <millis>1750908461813</millis>
  <nanos>245500</nanos>
  <sequence>24</sequence>
  <logger>itri.sstc.freemarker.core.RequestHandler</logger>
  <level>INFO</level>
  <class>itri.sstc.freemarker.core.RequestHandler</class>
  <method>init</method>
  <thread>1</thread>
  <message>Assign method diagnosisReport to pattern imas/diagnosisReport</message>
</record>
<record>
  <date>2025-06-26T03:27:41.813245500Z</date>
  <millis>1750908461813</millis>
  <nanos>245500</nanos>
  <sequence>25</sequence>
  <logger>itri.sstc.freemarker.core.RequestHandler</logger>
  <level>INFO</level>
  <class>itri.sstc.freemarker.core.RequestHandler</class>
  <method>init</method>
  <thread>1</thread>
  <message>Assign method caseAppointmentMsg to pattern imas/admin/taskMgnt/appointment/msg/chooseMessage</message>
</record>
<record>
  <date>2025-06-26T03:27:41.813245500Z</date>
  <millis>1750908461813</millis>
  <nanos>245500</nanos>
  <sequence>26</sequence>
  <logger>itri.sstc.freemarker.core.RequestHandler</logger>
  <level>INFO</level>
  <class>itri.sstc.freemarker.core.RequestHandler</class>
  <method>init</method>
  <thread>1</thread>
  <message>Assign method diagnosisTherapist to pattern imas/diagnosis/therapist</message>
</record>
<record>
  <date>2025-06-26T03:27:41.814258100Z</date>
  <millis>1750908461814</millis>
  <nanos>258100</nanos>
  <sequence>27</sequence>
  <logger>itri.sstc.freemarker.core.RequestHandler</logger>
  <level>INFO</level>
  <class>itri.sstc.freemarker.core.RequestHandler</class>
  <method>init</method>
  <thread>1</thread>
  <message>Assign method caseAppointment to pattern imas/admin/taskMgnt/appointment</message>
</record>
<record>
  <date>2025-06-26T03:27:41.814258100Z</date>
  <millis>1750908461814</millis>
  <nanos>258100</nanos>
  <sequence>28</sequence>
  <logger>itri.sstc.freemarker.core.RequestHandler</logger>
  <level>INFO</level>
  <class>itri.sstc.freemarker.core.RequestHandler</class>
  <method>init</method>
  <thread>1</thread>
  <message>Assign method chatroom to pattern imas/chatroom</message>
</record>
<record>
  <date>2025-06-26T03:27:41.814258100Z</date>
  <millis>1750908461814</millis>
  <nanos>258100</nanos>
  <sequence>29</sequence>
  <logger>itri.sstc.freemarker.core.RequestHandler</logger>
  <level>INFO</level>
  <class>itri.sstc.freemarker.core.RequestHandler</class>
  <method>init</method>
  <thread>1</thread>
  <message>Assign method phraseManagement to pattern imas/admin/other/phraseMgnt</message>
</record>
<record>
  <date>2025-06-26T03:27:41.815389300Z</date>
  <millis>1750908461815</millis>
  <nanos>389300</nanos>
  <sequence>30</sequence>
  <logger>itri.sstc.freemarker.core.RequestHandler</logger>
  <level>INFO</level>
  <class>itri.sstc.freemarker.core.RequestHandler</class>
  <method>init</method>
  <thread>1</thread>
  <message>Assign method caseList to pattern imas/casemgnt/caselist</message>
</record>
<record>
  <date>2025-06-26T03:27:41.815389300Z</date>
  <millis>1750908461815</millis>
  <nanos>389300</nanos>
  <sequence>31</sequence>
  <logger>itri.sstc.freemarker.core.RequestHandler</logger>
  <level>INFO</level>
  <class>itri.sstc.freemarker.core.RequestHandler</class>
  <method>init</method>
  <thread>1</thread>
  <message>Assign method lessonMgntTest to pattern imas/admin/other/scaleMgnt/test</message>
</record>
<record>
  <date>2025-06-26T03:27:41.815389300Z</date>
  <millis>1750908461815</millis>
  <nanos>389300</nanos>
  <sequence>32</sequence>
  <logger>itri.sstc.freemarker.core.RequestHandler</logger>
  <level>INFO</level>
  <class>itri.sstc.freemarker.core.RequestHandler</class>
  <method>init</method>
  <thread>1</thread>
  <message>Assign method caseFormAnalysis to pattern imas/patient/caseForm/analysis</message>
</record>
<record>
  <date>2025-06-26T03:27:41.816517Z</date>
  <millis>1750908461816</millis>
  <nanos>517000</nanos>
  <sequence>33</sequence>
  <logger>itri.sstc.freemarker.core.RequestHandler</logger>
  <level>INFO</level>
  <class>itri.sstc.freemarker.core.RequestHandler</class>
  <method>init</method>
  <thread>1</thread>
  <message>Assign method deviceManagement to pattern imas/admin/other/deviceMgnt</message>
</record>
<record>
  <date>2025-06-26T03:27:41.816517Z</date>
  <millis>1750908461816</millis>
  <nanos>517000</nanos>
  <sequence>34</sequence>
  <logger>itri.sstc.freemarker.core.RequestHandler</logger>
  <level>INFO</level>
  <class>itri.sstc.freemarker.core.RequestHandler</class>
  <method>init</method>
  <thread>1</thread>
  <message>Assign method taskEvaluationMsg to pattern imas/admin/taskMgnt/evaluation/message</message>
</record>
<record>
  <date>2025-06-26T03:27:41.816517Z</date>
  <millis>1750908461816</millis>
  <nanos>517000</nanos>
  <sequence>35</sequence>
  <logger>itri.sstc.freemarker.core.RequestHandler</logger>
  <level>INFO</level>
  <class>itri.sstc.freemarker.core.RequestHandler</class>
  <method>init</method>
  <thread>1</thread>
  <message>Assign method dtxAnalysis to pattern imas/dtxanalysis</message>
</record>
<record>
  <date>2025-06-26T03:27:41.817765600Z</date>
  <millis>1750908461817</millis>
  <nanos>765600</nanos>
  <sequence>36</sequence>
  <logger>itri.sstc.freemarker.core.RequestHandler</logger>
  <level>INFO</level>
  <class>itri.sstc.freemarker.core.RequestHandler</class>
  <method>init</method>
  <thread>1</thread>
  <message>Assign method taskEvaluation to pattern imas/admin/taskMgnt/evaluation</message>
</record>
<record>
  <date>2025-06-26T03:27:41.817765600Z</date>
  <millis>1750908461817</millis>
  <nanos>765600</nanos>
  <sequence>37</sequence>
  <logger>itri.sstc.freemarker.core.RequestHandler</logger>
  <level>INFO</level>
  <class>itri.sstc.freemarker.core.RequestHandler</class>
  <method>init</method>
  <thread>1</thread>
  <message>Assign method caseFormAssessment to pattern imas/patient/caseForm/assessment</message>
</record>
<record>
  <date>2025-06-26T03:27:41.819108400Z</date>
  <millis>1750908461819</millis>
  <nanos>108400</nanos>
  <sequence>38</sequence>
  <logger>itri.sstc.freemarker.core.RequestHandler</logger>
  <level>INFO</level>
  <class>itri.sstc.freemarker.core.RequestHandler</class>
  <method>init</method>
  <thread>1</thread>
  <message>Assign method lessonManagement to pattern imas/admin/other/lessonMgnt</message>
</record>
<record>
  <date>2025-06-26T03:27:41.819108400Z</date>
  <millis>1750908461819</millis>
  <nanos>108400</nanos>
  <sequence>39</sequence>
  <logger>itri.sstc.freemarker.core.RequestHandler</logger>
  <level>INFO</level>
  <class>itri.sstc.freemarker.core.RequestHandler</class>
  <method>init</method>
  <thread>1</thread>
  <message>Assign method scaleManagementNew to pattern imas/admin/other/scaleMgnt/new</message>
</record>
<record>
  <date>2025-06-26T03:27:41.820082200Z</date>
  <millis>1750908461820</millis>
  <nanos>82200</nanos>
  <sequence>40</sequence>
  <logger>itri.sstc.freemarker.core.RequestHandler</logger>
  <level>INFO</level>
  <class>itri.sstc.freemarker.core.RequestHandler</class>
  <method>init</method>
  <thread>1</thread>
  <message>Assign method dataForm to pattern imas/admin/dataForm</message>
</record>
<record>
  <date>2025-06-26T03:27:41.820082200Z</date>
  <millis>1750908461820</millis>
  <nanos>82200</nanos>
  <sequence>41</sequence>
  <logger>itri.sstc.freemarker.core.RequestHandler</logger>
  <level>INFO</level>
  <class>itri.sstc.freemarker.core.RequestHandler</class>
  <method>init</method>
  <thread>1</thread>
  <message>Assign method overview to pattern imas/patient/caseForm/overview</message>
</record>
<record>
  <date>2025-06-26T03:27:41.820082200Z</date>
  <millis>1750908461820</millis>
  <nanos>82200</nanos>
  <sequence>42</sequence>
  <logger>itri.sstc.freemarker.core.RequestHandler</logger>
  <level>INFO</level>
  <class>itri.sstc.freemarker.core.RequestHandler</class>
  <method>init</method>
  <thread>1</thread>
  <message>Assign method scaleManagement to pattern imas/admin/other/scaleMgnt</message>
</record>
<record>
  <date>2025-06-26T03:27:41.821146600Z</date>
  <millis>1750908461821</millis>
  <nanos>146600</nanos>
  <sequence>43</sequence>
  <logger>itri.sstc.freemarker.core.RequestHandler</logger>
  <level>INFO</level>
  <class>itri.sstc.freemarker.core.RequestHandler</class>
  <method>init</method>
  <thread>1</thread>
  <message>Assign method scaleMgntTemplate to pattern imas/admin/other/scaleMgnt/template/level</message>
</record>
<record>
  <date>2025-06-26T03:27:41.821146600Z</date>
  <millis>1750908461821</millis>
  <nanos>146600</nanos>
  <sequence>44</sequence>
  <logger>itri.sstc.freemarker.core.RequestHandler</logger>
  <level>INFO</level>
  <class>itri.sstc.freemarker.core.RequestHandler</class>
  <method>init</method>
  <thread>1</thread>
  <message>Assign method medicalManagement to pattern imas/admin/other/medicalMgnt</message>
</record>
<record>
  <date>2025-06-26T03:27:41.821146600Z</date>
  <millis>1750908461821</millis>
  <nanos>146600</nanos>
  <sequence>45</sequence>
  <logger>itri.sstc.freemarker.core.RequestHandler</logger>
  <level>INFO</level>
  <class>itri.sstc.freemarker.core.RequestHandler</class>
  <method>init</method>
  <thread>1</thread>
  <message>Assign method caseFormVisits to pattern imas/patient/caseForm/visits</message>
</record>
<record>
  <date>2025-06-26T03:27:41.822128100Z</date>
  <millis>1750908461822</millis>
  <nanos>128100</nanos>
  <sequence>46</sequence>
  <logger>itri.sstc.freemarker.core.RequestHandler</logger>
  <level>INFO</level>
  <class>itri.sstc.freemarker.core.RequestHandler</class>
  <method>init</method>
  <thread>1</thread>
  <message>Assign method caseFormNotes to pattern imas/patient/caseForm/notes</message>
</record>
<record>
  <date>2025-06-26T03:27:41.822128100Z</date>
  <millis>1750908461822</millis>
  <nanos>128100</nanos>
  <sequence>47</sequence>
  <logger>itri.sstc.freemarker.core.RequestHandler</logger>
  <level>INFO</level>
  <class>itri.sstc.freemarker.core.RequestHandler</class>
  <method>init</method>
  <thread>1</thread>
  <message>Assign method caseFormPlan to pattern imas/patient/caseForm/plan</message>
</record>
<record>
  <date>2025-06-26T03:27:41.822128100Z</date>
  <millis>1750908461822</millis>
  <nanos>128100</nanos>
  <sequence>48</sequence>
  <logger>itri.sstc.freemarker.core.RequestHandler</logger>
  <level>INFO</level>
  <class>itri.sstc.freemarker.core.RequestHandler</class>
  <method>init</method>
  <thread>1</thread>
  <message>Assign method caseFormProfile to pattern imas/patient/caseForm/profile</message>
</record>
<record>
  <date>2025-06-26T03:27:41.824120500Z</date>
  <millis>1750908461824</millis>
  <nanos>120500</nanos>
  <sequence>49</sequence>
  <logger>itri.sstc.freemarker.core.FMTemplateEngine</logger>
  <level>INFO</level>
  <class>itri.sstc.freemarker.core.FMTemplateEngine</class>
  <method>init</method>
  <thread>1</thread>
  <message>初始化 imas FTL處理器 OK</message>
</record>
<record>
  <date>2025-06-26T03:27:41.827694500Z</date>
  <millis>1750908461827</millis>
  <nanos>694500</nanos>
  <sequence>50</sequence>
  <logger>itri.sstc.freemarker.core.FMTemplateEngine</logger>
  <level>INFO</level>
  <class>itri.sstc.freemarker.core.FMTemplateEngine</class>
  <method>init</method>
  <thread>1</thread>
  <message>建立 casetraining FTL處理器, ClassName: demo.freemarker.handler.page.DtxCaseTrainingPage</message>
</record>
<record>
  <date>2025-06-26T03:27:41.827694500Z</date>
  <millis>1750908461827</millis>
  <nanos>694500</nanos>
  <sequence>51</sequence>
  <logger>itri.sstc.freemarker.core.RequestHandler</logger>
  <level>INFO</level>
  <class>itri.sstc.freemarker.core.RequestHandler</class>
  <method>init</method>
  <thread>1</thread>
  <message>Assign method trainingPlan to pattern casetraining/trainingPlan</message>
</record>
<record>
  <date>2025-06-26T03:27:41.828705800Z</date>
  <millis>1750908461828</millis>
  <nanos>705800</nanos>
  <sequence>52</sequence>
  <logger>itri.sstc.freemarker.core.RequestHandler</logger>
  <level>INFO</level>
  <class>itri.sstc.freemarker.core.RequestHandler</class>
  <method>init</method>
  <thread>1</thread>
  <message>Assign method trainingRecord to pattern casetraining/trainingRecord</message>
</record>
<record>
  <date>2025-06-26T03:27:41.828705800Z</date>
  <millis>1750908461828</millis>
  <nanos>705800</nanos>
  <sequence>53</sequence>
  <logger>itri.sstc.freemarker.core.RequestHandler</logger>
  <level>INFO</level>
  <class>itri.sstc.freemarker.core.RequestHandler</class>
  <method>init</method>
  <thread>1</thread>
  <message>Assign method infoComplete to pattern casetraining/infoComplete</message>
</record>
<record>
  <date>2025-06-26T03:27:41.829787500Z</date>
  <millis>1750908461829</millis>
  <nanos>787500</nanos>
  <sequence>54</sequence>
  <logger>itri.sstc.freemarker.core.RequestHandler</logger>
  <level>INFO</level>
  <class>itri.sstc.freemarker.core.RequestHandler</class>
  <method>init</method>
  <thread>1</thread>
  <message>Assign method caseDashboard to pattern casetraining/caseDashboard</message>
</record>
<record>
  <date>2025-06-26T03:27:41.829787500Z</date>
  <millis>1750908461829</millis>
  <nanos>787500</nanos>
  <sequence>55</sequence>
  <logger>itri.sstc.freemarker.core.RequestHandler</logger>
  <level>INFO</level>
  <class>itri.sstc.freemarker.core.RequestHandler</class>
  <method>init</method>
  <thread>1</thread>
  <message>Assign method trainingQuestion to pattern casetraining/trainingQuestion</message>
</record>
<record>
  <date>2025-06-26T03:27:41.829787500Z</date>
  <millis>1750908461829</millis>
  <nanos>787500</nanos>
  <sequence>56</sequence>
  <logger>itri.sstc.freemarker.core.FMTemplateEngine</logger>
  <level>INFO</level>
  <class>itri.sstc.freemarker.core.FMTemplateEngine</class>
  <method>init</method>
  <thread>1</thread>
  <message>初始化 casetraining FTL處理器 OK</message>
</record>
<record>
  <date>2025-06-26T03:27:41.829787500Z</date>
  <millis>1750908461829</millis>
  <nanos>787500</nanos>
  <sequence>57</sequence>
  <logger>itri.sstc.freemarker.core.FMTemplateEngine</logger>
  <level>INFO</level>
  <class>itri.sstc.freemarker.core.FMTemplateEngine</class>
  <method>init</method>
  <thread>1</thread>
  <message>初始化 FreeMarker 樣版引擎 ...</message>
</record>
<record>
  <date>2025-06-26T03:27:41.897228200Z</date>
  <millis>1750908461897</millis>
  <nanos>228200</nanos>
  <sequence>58</sequence>
  <logger>itri.sstc.freemarker.core.FMTemplateEngine</logger>
  <level>INFO</level>
  <class>itri.sstc.freemarker.core.FMTemplateEngine</class>
  <method>init</method>
  <thread>1</thread>
  <message>初始化 FreeMarker 樣版引擎 OK</message>
</record>
<record>
  <date>2025-06-26T03:27:41.898213300Z</date>
  <millis>1750908461898</millis>
  <nanos>213300</nanos>
  <sequence>59</sequence>
  <logger>itri.sstc.framework.core.httpd.session.HttpSessionManager</logger>
  <level>INFO</level>
  <class>itri.sstc.framework.core.httpd.session.HttpSessionManager</class>
  <method>start</method>
  <thread>1</thread>
  <message>啟用 HttpSessionManager OK</message>
</record>
<record>
  <date>2025-06-26T03:27:41.898213300Z</date>
  <millis>1750908461898</millis>
  <nanos>213300</nanos>
  <sequence>60</sequence>
  <logger>itri.sstc.framework.core.httpd.HttpService</logger>
  <level>INFO</level>
  <class>itri.sstc.framework.core.httpd.HttpService</class>
  <method>startService</method>
  <thread>1</thread>
  <message>啟動 LiteHttpd Service(Port 8262)</message>
</record>
<record>
  <date>2025-06-26T03:27:41.899329Z</date>
  <millis>1750908461899</millis>
  <nanos>329000</nanos>
  <sequence>61</sequence>
  <logger>itri.sstc.framework.core.httpd.HttpService</logger>
  <level>INFO</level>
  <class>itri.sstc.framework.core.httpd.HttpService</class>
  <method>log</method>
  <thread>1</thread>
  <message>Start FreeMarkerService OK</message>
</record>
<record>
  <date>2025-06-26T03:27:49.395171600Z</date>
  <millis>1750908469395</millis>
  <nanos>171600</nanos>
  <sequence>62</sequence>
  <logger>itri.sstc.framework.core.api.RESTfulAPI</logger>
  <level>INFO</level>
  <class>itri.sstc.framework.core.api.RESTfulAPI</class>
  <method>log</method>
  <thread>50</thread>
  <message>"/security/api/" Call API login</message>
</record>
<record>
  <date>2025-06-26T03:27:49.401720Z</date>
  <millis>1750908469401</millis>
  <nanos>720000</nanos>
  <sequence>63</sequence>
  <logger>itri.sstc.framework.core.httpd.session.HttpSessionManager</logger>
  <level>INFO</level>
  <class>itri.sstc.framework.core.httpd.session.HttpSessionManager</class>
  <method>createSession</method>
  <thread>50</thread>
  <message>Create session SESSION_af5f540e-83df-49a8-afec-89fa343a9548 for /security/api/login</message>
</record>
<record>
  <date>2025-06-26T03:27:50.433800900Z</date>
  <millis>1750908470433</millis>
  <nanos>800900</nanos>
  <sequence>64</sequence>
  <logger>itri.sstc.framework.core.httpd.session.HttpSessionManager</logger>
  <level>INFO</level>
  <class>itri.sstc.framework.core.httpd.session.HttpSessionManager</class>
  <method>createSession</method>
  <thread>47</thread>
  <message>Create session SESSION_b7a7b4b3-6f82-4db0-b68b-5b84e9fd7d76 for /ftl/imas/login</message>
</record>
<record>
  <date>2025-06-26T03:27:50.434771800Z</date>
  <millis>1750908470434</millis>
  <nanos>771800</nanos>
  <sequence>65</sequence>
  <logger>itri.sstc.framework.core.httpd.HttpService</logger>
  <level>INFO</level>
  <class>itri.sstc.framework.core.httpd.HttpService</class>
  <method>log</method>
  <thread>47</thread>
  <message>Create new Session: SESSION_b7a7b4b3-6f82-4db0-b68b-5b84e9fd7d76</message>
</record>
<record>
  <date>2025-06-26T03:27:50.434771800Z</date>
  <millis>1750908470434</millis>
  <nanos>771800</nanos>
  <sequence>66</sequence>
  <logger>itri.sstc.freemarker.core.RequestHandler</logger>
  <level>INFO</level>
  <class>itri.sstc.freemarker.core.RequestHandler</class>
  <method>getTemplateData</method>
  <thread>47</thread>
  <message>[imas/login]</message>
</record>
<record>
  <date>2025-06-26T03:27:50.435747600Z</date>
  <millis>1750908470435</millis>
  <nanos>747600</nanos>
  <sequence>67</sequence>
  <logger>itri.sstc.freemarker.core.RequestHandler</logger>
  <level>INFO</level>
  <class>itri.sstc.freemarker.core.RequestHandler</class>
  <method>getTemplateData</method>
  <thread>47</thread>
  <message>加入全域變數</message>
</record>
<record>
  <date>2025-06-26T03:27:50.629184500Z</date>
  <millis>1750908470629</millis>
  <nanos>184500</nanos>
  <sequence>68</sequence>
  <logger>itri.sstc.freemarker.core.RequestHandler</logger>
  <level>INFO</level>
  <class>itri.sstc.freemarker.core.RequestHandler</class>
  <method>render</method>
  <thread>47</thread>
  <message>FTL Process time: 195ms</message>
</record>
<record>
  <date>2025-06-26T03:27:50.648829800Z</date>
  <millis>1750908470648</millis>
  <nanos>829800</nanos>
  <sequence>69</sequence>
  <logger>itri.sstc.framework.core.httpd.file.FileRequestHandleTask</logger>
  <level>INFO</level>
  <class>itri.sstc.framework.core.httpd.file.FileRequestHandleTask</class>
  <method>run</method>
  <thread>51</thread>
  <message>Thread[51] GET /html/script/fullcalendar/fullcalendar.js</message>
</record>
<record>
  <date>2025-06-26T03:27:50.658113Z</date>
  <millis>1750908470658</millis>
  <nanos>113000</nanos>
  <sequence>70</sequence>
  <logger>itri.sstc.framework.core.httpd.file.FileRequestHandleTask</logger>
  <level>INFO</level>
  <class>itri.sstc.framework.core.httpd.file.FileRequestHandleTask</class>
  <method>run</method>
  <thread>52</thread>
  <message>Thread[52] GET /html/script/cityArea/cityArea.js</message>
</record>
<record>
  <date>2025-06-26T03:27:50.659099500Z</date>
  <millis>1750908470659</millis>
  <nanos>99500</nanos>
  <sequence>71</sequence>
  <logger>itri.sstc.framework.core.httpd.file.FileRequestHandleTask</logger>
  <level>INFO</level>
  <class>itri.sstc.framework.core.httpd.file.FileRequestHandleTask</class>
  <method>run</method>
  <thread>53</thread>
  <message>Thread[53] GET /html/script/mlog.calendar.js</message>
</record>
<record>
  <date>2025-06-26T03:27:50.661045900Z</date>
  <millis>1750908470661</millis>
  <nanos>45900</nanos>
  <sequence>72</sequence>
  <logger>itri.sstc.framework.core.httpd.file.FileRequestHandleTask</logger>
  <level>INFO</level>
  <class>itri.sstc.framework.core.httpd.file.FileRequestHandleTask</class>
  <method>run</method>
  <thread>56</thread>
  <message>Thread[56] GET /html/style/employee.css</message>
</record>
<record>
  <date>2025-06-26T03:27:50.664002200Z</date>
  <millis>1750908470664</millis>
  <nanos>2200</nanos>
  <sequence>73</sequence>
  <logger>itri.sstc.framework.core.httpd.file.FileRequestHandleTask</logger>
  <level>INFO</level>
  <class>itri.sstc.framework.core.httpd.file.FileRequestHandleTask</class>
  <method>run</method>
  <thread>54</thread>
  <message>Thread[54] GET /html/script/mlog.datatable.js</message>
</record>
<record>
  <date>2025-06-26T03:27:50.664974600Z</date>
  <millis>1750908470664</millis>
  <nanos>974600</nanos>
  <sequence>74</sequence>
  <logger>itri.sstc.framework.core.httpd.file.FileRequestHandleTask</logger>
  <level>INFO</level>
  <class>itri.sstc.framework.core.httpd.file.FileRequestHandleTask</class>
  <method>run</method>
  <thread>55</thread>
  <message>Thread[55] GET /html/script/mlog.autocomplete.js</message>
</record>
<record>
  <date>2025-06-26T03:27:50.667895200Z</date>
  <millis>1750908470667</millis>
  <nanos>895200</nanos>
  <sequence>75</sequence>
  <logger>itri.sstc.framework.core.httpd.file.FileRequestHandleTask</logger>
  <level>INFO</level>
  <class>itri.sstc.framework.core.httpd.file.FileRequestHandleTask</class>
  <method>run</method>
  <thread>57</thread>
  <message>Thread[57] GET /html/script/jquery-timepicker/jquery.timepicker.min.js</message>
</record>
<record>
  <date>2025-06-26T03:27:50.667895200Z</date>
  <millis>1750908470667</millis>
  <nanos>895200</nanos>
  <sequence>76</sequence>
  <logger>itri.sstc.framework.core.httpd.file.FileRequestHandleTask</logger>
  <level>INFO</level>
  <class>itri.sstc.framework.core.httpd.file.FileRequestHandleTask</class>
  <method>run</method>
  <thread>58</thread>
  <message>Thread[58] GET /html/script/employee.js</message>
</record>
<record>
  <date>2025-06-26T03:27:50.668867400Z</date>
  <millis>1750908470668</millis>
  <nanos>867400</nanos>
  <sequence>77</sequence>
  <logger>itri.sstc.framework.core.httpd.file.FileRequestHandleTask</logger>
  <level>INFO</level>
  <class>itri.sstc.framework.core.httpd.file.FileRequestHandleTask</class>
  <method>run</method>
  <thread>59</thread>
  <message>Thread[59] GET /html/script/wg.template.js</message>
</record>
<record>
  <date>2025-06-26T03:27:50.673734400Z</date>
  <millis>1750908470673</millis>
  <nanos>734400</nanos>
  <sequence>78</sequence>
  <logger>itri.sstc.framework.core.api.RESTfulAPI</logger>
  <level>INFO</level>
  <class>itri.sstc.framework.core.api.RESTfulAPI</class>
  <method>log</method>
  <thread>61</thread>
  <message>"/security/api/" Call API captcha</message>
</record>
<record>
  <date>2025-06-26T03:27:50.673734400Z</date>
  <millis>1750908470673</millis>
  <nanos>734400</nanos>
  <sequence>79</sequence>
  <logger>itri.sstc.framework.core.httpd.file.FileRequestHandleTask</logger>
  <level>INFO</level>
  <class>itri.sstc.framework.core.httpd.file.FileRequestHandleTask</class>
  <method>run</method>
  <thread>60</thread>
  <message>Thread[60] GET /html/script/wg.evalForm.js</message>
</record>
<record>
  <date>2025-06-26T03:27:56.213624Z</date>
  <millis>1750908476213</millis>
  <nanos>624000</nanos>
  <sequence>80</sequence>
  <logger>itri.sstc.framework.core.api.RESTfulAPI</logger>
  <level>INFO</level>
  <class>itri.sstc.framework.core.api.RESTfulAPI</class>
  <method>log</method>
  <thread>64</thread>
  <message>"/security/api/" Call API login</message>
</record>
<record>
  <date>2025-06-26T03:28:02.031922Z</date>
  <millis>1750908482031</millis>
  <nanos>922000</nanos>
  <sequence>81</sequence>
  <logger>itri.sstc.freemarker.core.RequestHandler</logger>
  <level>INFO</level>
  <class>itri.sstc.freemarker.core.RequestHandler</class>
  <method>getTemplateData</method>
  <thread>47</thread>
  <message>[casetraining/caseDashboard]</message>
</record>
<record>
  <date>2025-06-26T03:28:02.033012200Z</date>
  <millis>1750908482033</millis>
  <nanos>12200</nanos>
  <sequence>82</sequence>
  <logger>itri.sstc.freemarker.core.RequestHandler</logger>
  <level>INFO</level>
  <class>itri.sstc.freemarker.core.RequestHandler</class>
  <method>getTemplateData</method>
  <thread>47</thread>
  <message>加入全域變數</message>
</record>
<record>
  <date>2025-06-26T03:28:02.110484300Z</date>
  <millis>1750908482110</millis>
  <nanos>484300</nanos>
  <sequence>83</sequence>
  <logger>itri.sstc.freemarker.core.RequestHandler</logger>
  <level>INFO</level>
  <class>itri.sstc.freemarker.core.RequestHandler</class>
  <method>render</method>
  <thread>47</thread>
  <message>FTL Process time: 79ms</message>
</record>
<record>
  <date>2025-06-26T03:28:02.124804500Z</date>
  <millis>1750908482124</millis>
  <nanos>804500</nanos>
  <sequence>84</sequence>
  <logger>itri.sstc.framework.core.httpd.file.FileRequestHandleTask</logger>
  <level>INFO</level>
  <class>itri.sstc.framework.core.httpd.file.FileRequestHandleTask</class>
  <method>run</method>
  <thread>67</thread>
  <message>Thread[67] GET /html/script/imas/utility.js</message>
</record>
<record>
  <date>2025-06-26T03:28:02.124804500Z</date>
  <millis>1750908482124</millis>
  <nanos>804500</nanos>
  <sequence>86</sequence>
  <logger>itri.sstc.framework.core.httpd.file.FileRequestHandleTask</logger>
  <level>INFO</level>
  <class>itri.sstc.framework.core.httpd.file.FileRequestHandleTask</class>
  <method>run</method>
  <thread>69</thread>
  <message>Thread[69] GET /html/script/wg.evalForm.js</message>
</record>
<record>
  <date>2025-06-26T03:28:02.124804500Z</date>
  <millis>1750908482124</millis>
  <nanos>804500</nanos>
  <sequence>85</sequence>
  <logger>itri.sstc.framework.core.httpd.file.FileRequestHandleTask</logger>
  <level>INFO</level>
  <class>itri.sstc.framework.core.httpd.file.FileRequestHandleTask</class>
  <method>run</method>
  <thread>68</thread>
  <message>Thread[68] GET /html/script/wg.template.js</message>
</record>
<record>
  <date>2025-06-26T03:28:02.183202400Z</date>
  <millis>1750908482183</millis>
  <nanos>202400</nanos>
  <sequence>87</sequence>
  <logger>itri.sstc.framework.core.api.RESTfulAPI</logger>
  <level>INFO</level>
  <class>itri.sstc.framework.core.api.RESTfulAPI</class>
  <method>log</method>
  <thread>70</thread>
  <message>"/Training/api/" Call API listPlan</message>
</record>
<record>
  <date>2025-06-26T03:28:14.942101Z</date>
  <millis>1750908494942</millis>
  <nanos>101000</nanos>
  <sequence>88</sequence>
  <logger>itri.sstc.freemarker.core.RequestHandler</logger>
  <level>INFO</level>
  <class>itri.sstc.freemarker.core.RequestHandler</class>
  <method>getTemplateData</method>
  <thread>47</thread>
  <message>[imas/admin/taskMgnt/appointment/msg/chooseMessage]</message>
</record>
<record>
  <date>2025-06-26T03:28:14.943085500Z</date>
  <millis>1750908494943</millis>
  <nanos>85500</nanos>
  <sequence>89</sequence>
  <logger>itri.sstc.freemarker.core.RequestHandler</logger>
  <level>INFO</level>
  <class>itri.sstc.freemarker.core.RequestHandler</class>
  <method>getTemplateData</method>
  <thread>47</thread>
  <message>加入全域變數</message>
</record>
<record>
  <date>2025-06-26T03:28:14.955552400Z</date>
  <millis>1750908494955</millis>
  <nanos>552400</nanos>
  <sequence>90</sequence>
  <logger>itri.sstc.freemarker.core.RequestHandler</logger>
  <level>INFO</level>
  <class>itri.sstc.freemarker.core.RequestHandler</class>
  <method>render</method>
  <thread>47</thread>
  <message>FTL Process time: 13ms</message>
</record>
<record>
  <date>2025-06-26T03:28:23.266687200Z</date>
  <millis>1750908503266</millis>
  <nanos>687200</nanos>
  <sequence>91</sequence>
  <logger>itri.sstc.framework.core.httpd.file.FileRequestHandleTask</logger>
  <level>INFO</level>
  <class>itri.sstc.framework.core.httpd.file.FileRequestHandleTask</class>
  <method>run</method>
  <thread>71</thread>
  <message>Thread[71] GET /html/script/imas/moment.min.js.map</message>
</record>
<record>
  <date>2025-06-26T03:28:23.270421400Z</date>
  <millis>1750908503270</millis>
  <nanos>421400</nanos>
  <sequence>92</sequence>
  <logger>itri.sstc.framework.core.httpd.file.FileRequestHandleTask</logger>
  <level>INFO</level>
  <class>itri.sstc.framework.core.httpd.file.FileRequestHandleTask</class>
  <method>run</method>
  <thread>72</thread>
  <message>Thread[72] GET /html/script/imas/jquery.timepicker.min.js.map</message>
</record>
<record>
  <date>2025-06-26T03:28:23.271509500Z</date>
  <millis>1750908503271</millis>
  <nanos>509500</nanos>
  <sequence>93</sequence>
  <logger>itri.sstc.framework.core.httpd.file.FileRequestHandleTask</logger>
  <level>INFO</level>
  <class>itri.sstc.framework.core.httpd.file.FileRequestHandleTask</class>
  <method>run</method>
  <thread>73</thread>
  <message>Thread[73] GET /html/script/imas/bootstrap-tagsinput.min.js.map</message>
</record>
<record>
  <date>2025-06-26T03:28:23.271509500Z</date>
  <millis>1750908503271</millis>
  <nanos>509500</nanos>
  <sequence>95</sequence>
  <logger>itri.sstc.framework.core.httpd.file.FileRequestHandleTask</logger>
  <level>INFO</level>
  <class>itri.sstc.framework.core.httpd.file.FileRequestHandleTask</class>
  <method>run</method>
  <thread>75</thread>
  <message>Thread[75] GET /html/script/imas/widget/FileSaver.min.js.map</message>
</record>
<record>
  <date>2025-06-26T03:28:23.271509500Z</date>
  <millis>1750908503271</millis>
  <nanos>509500</nanos>
  <sequence>94</sequence>
  <logger>itri.sstc.framework.core.httpd.file.FileRequestHandleTask</logger>
  <level>INFO</level>
  <class>itri.sstc.framework.core.httpd.file.FileRequestHandleTask</class>
  <method>run</method>
  <thread>74</thread>
  <message>Thread[74] GET /html/script/imas/jquery.contextMenu.min.js.map</message>
</record>
<record>
  <date>2025-06-26T03:28:23.298976Z</date>
  <millis>1750908503298</millis>
  <nanos>976000</nanos>
  <sequence>97</sequence>
  <logger>itri.sstc.framework.core.httpd.file.FileRequestHandleTask</logger>
  <level>INFO</level>
  <class>itri.sstc.framework.core.httpd.file.FileRequestHandleTask</class>
  <method>run</method>
  <thread>77</thread>
  <message>Thread[77] GET /html/style/imas/jquery.contextMenu.min.css.map</message>
</record>
<record>
  <date>2025-06-26T03:28:23.298976Z</date>
  <millis>1750908503298</millis>
  <nanos>976000</nanos>
  <sequence>96</sequence>
  <logger>itri.sstc.framework.core.httpd.file.FileRequestHandleTask</logger>
  <level>INFO</level>
  <class>itri.sstc.framework.core.httpd.file.FileRequestHandleTask</class>
  <method>run</method>
  <thread>76</thread>
  <message>Thread[76] GET /html/style/woundInfo/bootstrap-datepicker3.min.css.map</message>
</record>
